app/build/intermediates/manifest_merge_blame_file/debug/manifest-merger-blame-debug-report.txt
1<?xml version="1.0" encoding="utf-8"?>
2<manifest xmlns:android="http://schemas.android.com/apk/res/android"
3    package="com.example.r4_11_devmobile"
4    android:versionCode="1"
5    android:versionName="1.0" >
6
7    <uses-sdk
8        android:minSdkVersion="21"
9        android:targetSdkVersion="34" />
10
11    <uses-permission android:name="android.permission.INTERNET" />
11-->src/main/AndroidManifest.xml:5:5-67
11-->src/main/AndroidManifest.xml:5:22-64
12    <uses-permission android:name="android.permission.ACCESS_WIFI_STATE" />
12-->src/main/AndroidManifest.xml:6:5-76
12-->src/main/AndroidManifest.xml:6:22-73
13    <uses-permission android:name="android.permission.READ_EXTERNAL_STORAGE" />
13-->src/main/AndroidManifest.xml:7:5-80
13-->src/main/AndroidManifest.xml:7:22-77
14
15    <permission
15-->[androidx.core:core:1.9.0] AndroidManifest.xml:22:5-24:47
16        android:name="com.example.r4_11_devmobile.DYNAMIC_RECEIVER_NOT_EXPORTED_PERMISSION"
16-->[androidx.core:core:1.9.0] AndroidManifest.xml:23:9-81
17        android:protectionLevel="signature" />
17-->[androidx.core:core:1.9.0] AndroidManifest.xml:24:9-44
18
19    <uses-permission android:name="com.example.r4_11_devmobile.DYNAMIC_RECEIVER_NOT_EXPORTED_PERMISSION" />
19-->[androidx.core:core:1.9.0] AndroidManifest.xml:26:5-97
19-->[androidx.core:core:1.9.0] AndroidManifest.xml:26:22-94
20
21    <application
21-->src/main/AndroidManifest.xml:9:5-86:19
22        android:allowBackup="true"
22-->src/main/AndroidManifest.xml:10:9-35
23        android:appComponentFactory="androidx.core.app.CoreComponentFactory"
23-->[androidx.core:core:1.9.0] AndroidManifest.xml:28:18-86
24        android:dataExtractionRules="@xml/data_extraction_rules"
24-->src/main/AndroidManifest.xml:11:9-65
25        android:debuggable="true"
26        android:extractNativeLibs="true"
27        android:fullBackupContent="@xml/backup_rules"
27-->src/main/AndroidManifest.xml:12:9-54
28        android:icon="@mipmap/ic_launcher"
28-->src/main/AndroidManifest.xml:13:9-43
29        android:label="@string/app_name"
29-->src/main/AndroidManifest.xml:14:9-41
30        android:networkSecurityConfig="@xml/network_security_config"
30-->src/main/AndroidManifest.xml:15:9-69
31        android:roundIcon="@mipmap/ic_launcher_round"
31-->src/main/AndroidManifest.xml:16:9-54
32        android:supportsRtl="true"
32-->src/main/AndroidManifest.xml:17:9-35
33        android:testOnly="true"
34        android:theme="@style/Theme.R4_11_DevMobile" >
34-->src/main/AndroidManifest.xml:18:9-53
35        <activity
35-->src/main/AndroidManifest.xml:21:9-23:40
36            android:name="com.example.r4_11_devmobile.Password.resetCode"
36-->src/main/AndroidManifest.xml:22:13-47
37            android:exported="false" />
37-->src/main/AndroidManifest.xml:23:13-37
38        <activity
38-->src/main/AndroidManifest.xml:24:9-26:40
39            android:name="com.example.r4_11_devmobile.MesPreferencesActivity"
39-->src/main/AndroidManifest.xml:25:13-51
40            android:exported="false" />
40-->src/main/AndroidManifest.xml:26:13-37
41        <activity
41-->src/main/AndroidManifest.xml:27:9-29:40
42            android:name="com.example.r4_11_devmobile.Equipement.NewEquipmentActivity"
42-->src/main/AndroidManifest.xml:28:13-60
43            android:exported="false" />
43-->src/main/AndroidManifest.xml:29:13-37
44        <activity
44-->src/main/AndroidManifest.xml:30:9-32:40
45            android:name="com.example.r4_11_devmobile.Reservation.NewReservationActivity"
45-->src/main/AndroidManifest.xml:31:13-63
46            android:exported="false" />
46-->src/main/AndroidManifest.xml:32:13-37
47        <activity
47-->src/main/AndroidManifest.xml:33:9-35:40
48            android:name="com.example.r4_11_devmobile.Password.NewPasswordActivity"
48-->src/main/AndroidManifest.xml:34:13-57
49            android:exported="false" />
49-->src/main/AndroidManifest.xml:35:13-37
50        <activity
50-->src/main/AndroidManifest.xml:36:9-38:40
51            android:name="com.example.r4_11_devmobile.Password.ForgotPasswordActivity"
51-->src/main/AndroidManifest.xml:37:13-60
52            android:exported="false" />
52-->src/main/AndroidManifest.xml:38:13-37
53        <activity
53-->src/main/AndroidManifest.xml:39:9-47:20
54            android:name="com.example.r4_11_devmobile.RegisterLogin.LoginActivity"
54-->src/main/AndroidManifest.xml:40:13-56
55            android:exported="true" >
55-->src/main/AndroidManifest.xml:41:13-36
56            <intent-filter>
56-->src/main/AndroidManifest.xml:42:13-46:29
57                <action android:name="android.intent.action.MAIN" />
57-->src/main/AndroidManifest.xml:43:17-69
57-->src/main/AndroidManifest.xml:43:25-66
58
59                <category android:name="android.intent.category.LAUNCHER" />
59-->src/main/AndroidManifest.xml:45:17-77
59-->src/main/AndroidManifest.xml:45:27-74
60            </intent-filter>
61        </activity>
62        <activity
62-->src/main/AndroidManifest.xml:48:9-50:40
63            android:name="com.example.r4_11_devmobile.EspaceClient.EspaceClientModificationActivity"
63-->src/main/AndroidManifest.xml:49:13-74
64            android:exported="false" />
64-->src/main/AndroidManifest.xml:50:13-37
65        <activity
65-->src/main/AndroidManifest.xml:51:9-53:39
66            android:name="com.example.r4_11_devmobile.RegisterLogin.RegisterActivity"
66-->src/main/AndroidManifest.xml:52:13-59
67            android:exported="true" />
67-->src/main/AndroidManifest.xml:53:13-36
68        <activity
68-->src/main/AndroidManifest.xml:54:9-62:20
69            android:name="com.example.r4_11_devmobile.SplashScreenActivity"
69-->src/main/AndroidManifest.xml:55:13-49
70            android:exported="true" >
70-->src/main/AndroidManifest.xml:56:13-36
71
72            <!--
73            <intent-filter>
74            <action android:name="android.intent.action.MAIN" />
75
76            <category android:name="android.intent.category.LAUNCHER" />
77            </intent-filter>
78            -->
79        </activity>
80        <activity
80-->src/main/AndroidManifest.xml:63:9-71:20
81            android:name="com.example.r4_11_devmobile.Accueil.AccueilActivity"
81-->src/main/AndroidManifest.xml:64:13-52
82            android:exported="true" >
82-->src/main/AndroidManifest.xml:65:13-36
83            <intent-filter>
83-->src/main/AndroidManifest.xml:42:13-46:29
84                <action android:name="android.intent.action.MAIN" />
84-->src/main/AndroidManifest.xml:43:17-69
84-->src/main/AndroidManifest.xml:43:25-66
85
86                <category android:name="android.intent.category.LAUNCHER" />
86-->src/main/AndroidManifest.xml:45:17-77
86-->src/main/AndroidManifest.xml:45:27-74
87            </intent-filter>
88        </activity> <!-- Vous devez supprimer cette occurrence -->
89        <!--
90        <activity
91            android:name=".AccueilActivity"
92            android:exported="true"
93            tools:ignore="DuplicateActivity">
94            <intent-filter>
95                <action android:name="android.intent.action.MAIN" />
96                <category android:name="android.intent.category.LAUNCHER" />
97            </intent-filter>
98        </activity>
99        -->
100        <activity
100-->src/main/AndroidManifest.xml:83:9-85:39
101            android:name="com.example.r4_11_devmobile.SplashScreenActivity2"
101-->src/main/AndroidManifest.xml:84:13-50
102            android:exported="true" />
102-->src/main/AndroidManifest.xml:85:13-36
103
104        <provider
104-->[androidx.emoji2:emoji2:1.2.0] AndroidManifest.xml:24:9-32:20
105            android:name="androidx.startup.InitializationProvider"
105-->[androidx.emoji2:emoji2:1.2.0] AndroidManifest.xml:25:13-67
106            android:authorities="com.example.r4_11_devmobile.androidx-startup"
106-->[androidx.emoji2:emoji2:1.2.0] AndroidManifest.xml:26:13-68
107            android:exported="false" >
107-->[androidx.emoji2:emoji2:1.2.0] AndroidManifest.xml:27:13-37
108            <meta-data
108-->[androidx.emoji2:emoji2:1.2.0] AndroidManifest.xml:29:13-31:52
109                android:name="androidx.emoji2.text.EmojiCompatInitializer"
109-->[androidx.emoji2:emoji2:1.2.0] AndroidManifest.xml:30:17-75
110                android:value="androidx.startup" />
110-->[androidx.emoji2:emoji2:1.2.0] AndroidManifest.xml:31:17-49
111            <meta-data
111-->[androidx.lifecycle:lifecycle-process:2.6.1] AndroidManifest.xml:29:13-31:52
112                android:name="androidx.lifecycle.ProcessLifecycleInitializer"
112-->[androidx.lifecycle:lifecycle-process:2.6.1] AndroidManifest.xml:30:17-78
113                android:value="androidx.startup" />
113-->[androidx.lifecycle:lifecycle-process:2.6.1] AndroidManifest.xml:31:17-49
114            <meta-data
114-->[androidx.profileinstaller:profileinstaller:1.3.0] AndroidManifest.xml:29:13-31:52
115                android:name="androidx.profileinstaller.ProfileInstallerInitializer"
115-->[androidx.profileinstaller:profileinstaller:1.3.0] AndroidManifest.xml:30:17-85
116                android:value="androidx.startup" />
116-->[androidx.profileinstaller:profileinstaller:1.3.0] AndroidManifest.xml:31:17-49
117        </provider>
118
119        <receiver
119-->[androidx.profileinstaller:profileinstaller:1.3.0] AndroidManifest.xml:34:9-52:20
120            android:name="androidx.profileinstaller.ProfileInstallReceiver"
120-->[androidx.profileinstaller:profileinstaller:1.3.0] AndroidManifest.xml:35:13-76
121            android:directBootAware="false"
121-->[androidx.profileinstaller:profileinstaller:1.3.0] AndroidManifest.xml:36:13-44
122            android:enabled="true"
122-->[androidx.profileinstaller:profileinstaller:1.3.0] AndroidManifest.xml:37:13-35
123            android:exported="true"
123-->[androidx.profileinstaller:profileinstaller:1.3.0] AndroidManifest.xml:38:13-36
124            android:permission="android.permission.DUMP" >
124-->[androidx.profileinstaller:profileinstaller:1.3.0] AndroidManifest.xml:39:13-57
125            <intent-filter>
125-->[androidx.profileinstaller:profileinstaller:1.3.0] AndroidManifest.xml:40:13-42:29
126                <action android:name="androidx.profileinstaller.action.INSTALL_PROFILE" />
126-->[androidx.profileinstaller:profileinstaller:1.3.0] AndroidManifest.xml:41:17-91
126-->[androidx.profileinstaller:profileinstaller:1.3.0] AndroidManifest.xml:41:25-88
127            </intent-filter>
128            <intent-filter>
128-->[androidx.profileinstaller:profileinstaller:1.3.0] AndroidManifest.xml:43:13-45:29
129                <action android:name="androidx.profileinstaller.action.SKIP_FILE" />
129-->[androidx.profileinstaller:profileinstaller:1.3.0] AndroidManifest.xml:44:17-85
129-->[androidx.profileinstaller:profileinstaller:1.3.0] AndroidManifest.xml:44:25-82
130            </intent-filter>
131            <intent-filter>
131-->[androidx.profileinstaller:profileinstaller:1.3.0] AndroidManifest.xml:46:13-48:29
132                <action android:name="androidx.profileinstaller.action.SAVE_PROFILE" />
132-->[androidx.profileinstaller:profileinstaller:1.3.0] AndroidManifest.xml:47:17-88
132-->[androidx.profileinstaller:profileinstaller:1.3.0] AndroidManifest.xml:47:25-85
133            </intent-filter>
134            <intent-filter>
134-->[androidx.profileinstaller:profileinstaller:1.3.0] AndroidManifest.xml:49:13-51:29
135                <action android:name="androidx.profileinstaller.action.BENCHMARK_OPERATION" />
135-->[androidx.profileinstaller:profileinstaller:1.3.0] AndroidManifest.xml:50:17-95
135-->[androidx.profileinstaller:profileinstaller:1.3.0] AndroidManifest.xml:50:25-92
136            </intent-filter>
137        </receiver>
138    </application>
139
140</manifest>